
API Logic Project Server Setup (01JJ9C1WHR0PNH43BQE1R0B3KS) Starting with CLI args: 
.. /opt/projects/by-ulid/01JJ9C1WHR0PNH43BQE1R0B3KS/alp_verify_only.py

Created August 03, 2024 09:34:01 at /opt/projects/by-ulid/01JJ9C1WHR0PNH43BQE1R0B3KS


server_setup - get_args: Config args: 
.. flask_host: 0.0.0.0, port: 5656, 
.. swagger_host: localhost, swagger_port: 8282, 
.. client_uri: None, 
.. http_scheme: http, api_prefix: /api, 
.. | verbose: False, create_and_run: False
config - get_cli_args: Getting cli args, with hostname=41ba94bbfeea on local_ip=172.18.0.2
config - get_cli_args: WSGI - no args, using creation default host/port..  sys.argv = ['/opt/projects/by-ulid/01JJ9C1WHR0PNH43BQE1R0B3KS/alp_verify_only.py']


server_setup - get_args: CLI args: 
.. flask_host: 0.0.0.0, port: 5656, 
.. swagger_host: localhost, swagger_port: 8282, 
.. client_uri: None, 
.. http_scheme: http, api_prefix: /api, 
.. | verbose: False, create_and_run: False

server_setup - get_args: ENV args: 
.. flask_host: 0.0.0.0, port: 4444, 
.. swagger_host: localhost, swagger_port: 8282, 
.. client_uri: None, 
.. http_scheme: http, api_prefix: /01JJ9C1WHR0PNH43BQE1R0B3KS, 
.. | verbose: False, create_and_run: False



server_setup - get_args: ENV args: 
.. flask_host: 0.0.0.0, port: 4444, 
.. swagger_host: localhost, swagger_port: 8282, 
.. client_uri: None, 
.. http_scheme: http, api_prefix: /01JJ9C1WHR0PNH43BQE1R0B3KS, 
.. | verbose: False, create_and_run: False



Config args: 
.. flask_host: 0.0.0.0, port: 4444, 
.. swagger_host: localhost, swagger_port: 8282, 
.. client_uri: None, 
.. http_scheme: http, api_prefix: /01JJ9C1WHR0PNH43BQE1R0B3KS, 
.. | verbose: False, create_and_run: False
config - get_cli_args: Getting cli args, with hostname=41ba94bbfeea on local_ip=172.18.0.2
config - get_cli_args: No arguments - using creation default host/port

CLI args: 
.. flask_host: 0.0.0.0, port: 4444, 
.. swagger_host: localhost, swagger_port: 8282, 
.. client_uri: None, 
.. http_scheme: http, api_prefix: /01JJ9C1WHR0PNH43BQE1R0B3KS, 
.. | verbose: False, create_and_run: False

ENV args: 
.. flask_host: 0.0.0.0, port: 4444, 
.. swagger_host: localhost, swagger_port: 8282, 
.. client_uri: None, 
.. http_scheme: http, api_prefix: /01JJ9C1WHR0PNH43BQE1R0B3KS, 
.. | verbose: False, create_and_run: False


sqlite_db_path validity check with db_uri: sqlite:////opt/projects/by-ulid/01JJ9C1WHR0PNH43BQE1R0B3KS/database/db.sqlite
	.. Absolute: //opt/projects/by-ulid/01JJ9C1WHR0PNH43BQE1R0B3KS/database/db.sqlite
	.. sqlite_db_path is a valid file

Data Model Loaded, customizing...
..discovered models: []
LogicBank Activation - declare_logic.py
Loading rules from /opt/projects/by-ulid/01JJ9C1WHR0PNH43BQE1R0B3KS/logic/wg_rules
01JJ9C1Y7AT1YKK2R2P7WHBKBJ rule file: logic/wg_rules/Ticket_Price_Constraint.py
01JJ9C1YCMGESPW2WF2KWA0JHX rule file: logic/wg_rules/Passenger_Luggage_Weight_Sum.py

[34mVerifying rule: Ticket_Price_Constraint - 01JJ9C1Y7AT1YKK2R2P7WHBKBJ[0m
name 'Ticket' is not defined
Traceback (most recent call last):
  File "/opt/projects/by-ulid/01JJ9C1WHR0PNH43BQE1R0B3KS/logic/load_verify_rules.py", line 144, in verify_rules
    rule_module.init_rule()
  File "/opt/projects/by-ulid/01JJ9C1WHR0PNH43BQE1R0B3KS/logic/wg_rules/Ticket_Price_Constraint.py", line 6, in init_rule
    Rule.constraint(validate=Ticket,
                             ^^^^^^
NameError: name 'Ticket' is not defined
[31mFailed to verify active rule code
Rule.constraint(validate=Ticket,
                as_condition=lambda row: row.price > 0,
                error_msg="Ticket price ({row.price}) must be greater than zero")
[33mNameError: name 'Ticket' is not defined[0m
01JJ9C1Y7AT1YKK2R2P7WHBKBJ rule file: logic/wg_rules/Ticket_Price_Constraint.py
01JJ9C1YCMGESPW2WF2KWA0JHX rule file: logic/wg_rules/Passenger_Luggage_Weight_Sum.py

[34mVerifying rule: Passenger_Luggage_Weight_Sum - 01JJ9C1YCMGESPW2WF2KWA0JHX[0m

The following rules have been loaded
Rule Bank[0x7c5bbd5c9490] (loaded 2025-01-23 10:42:42.067381)
Mapped Class[Passenger] rules:
  Derive <class 'database.models.Passenger'>.luggage_weight_total as Sum(Luggage.weight Where  - None)

The following attributes have been referenced

..Passenger.luggage_weight_total: aggregate derivation
..Luggage.weight: sum derived from

The following rules have been activated
Rule Bank[0x7c5bbd5c9490] (loaded 2025-01-23 10:42:42.067381)
Mapped Class[Passenger] rules:
  Derive <class 'database.models.Passenger'>.luggage_weight_total as Sum(Luggage.weight Where  - None)
Logic Bank 01.20.21 - 3 rules loaded

[32mActivated rule 01JJ9C1YCMGESPW2WF2KWA0JHX[0m

The following rules have been loaded
Rule Bank[0x7c5bbd5c9490] (loaded 2025-01-23 10:42:42.067381)
Mapped Class[Passenger] rules:
  Derive <class 'database.models.Passenger'>.luggage_weight_total as Sum(Luggage.weight Where  - None)

The following attributes have been referenced

..Passenger.luggage_weight_total: aggregate derivation
..Luggage.weight: sum derived from

Logic Bank Activation Error -- see https://apilogicserver.github.io/Docs/WebGenAI-CLI/#recovery-options
Invalid Rules:  [NameError("name 'Ticket' is not defined")]


Exposing /Airplane
Exposing /Airport
Exposing /Luggage
Exposing /Passenger
Declare   API - api/expose_api_models, endpoint for each table on localhost:8282, customizing...
..discovered services: ['newer_service.py', 'new_service.py', 'ontimize_api.py', 'system.py']
